<?xml version="1.0" encoding="UTF-8"?>
<testsuite xmlns:xsi="http://www.w3.org/2001/XMLSchema-instance" xsi:noNamespaceSchemaLocation="https://maven.apache.org/surefire/maven-surefire-plugin/xsd/surefire-test-report.xsd" name="com.sditf.AppTest" time="0.033" tests="1" errors="0" skipped="0" failures="0">
  <properties>
    <property name="sun.desktop" value="windows"/>
    <property name="awt.toolkit" value="sun.awt.windows.WToolkit"/>
    <property name="java.specification.version" value="11"/>
    <property name="sun.cpu.isalist" value="amd64"/>
    <property name="sun.jnu.encoding" value="Cp1252"/>
    <property name="java.class.path" value="C:\Users\Computador\Desktop\SDI2\demo\target\test-classes;C:\Users\Computador\Desktop\SDI2\demo\target\classes;C:\Users\Computador\.m2\repository\junit\junit\4.11\junit-4.11.jar;C:\Users\Computador\.m2\repository\org\hamcrest\hamcrest-core\1.3\hamcrest-core-1.3.jar;C:\Users\Computador\.m2\repository\org\slf4j\slf4j-api\1.8.0-beta0\slf4j-api-1.8.0-beta0.jar;C:\Users\Computador\.m2\repository\org\eclipse\paho\org.eclipse.paho.client.mqttv3\1.2.1\org.eclipse.paho.client.mqttv3-1.2.1.jar;"/>
    <property name="java.vm.vendor" value="Oracle Corporation"/>
    <property name="sun.arch.data.model" value="64"/>
    <property name="user.variant" value=""/>
    <property name="java.vendor.url" value="https://openjdk.java.net/"/>
    <property name="user.timezone" value="America/Sao_Paulo"/>
    <property name="java.vm.specification.version" value="11"/>
    <property name="os.name" value="Windows 10"/>
    <property name="sun.java.launcher" value="SUN_STANDARD"/>
    <property name="user.country" value="BR"/>
    <property name="sun.boot.library.path" value="C:\Program Files\Java\jdk-11\bin"/>
    <property name="sun.java.command" value="C:\Users\COMPUT~1\AppData\Local\Temp\surefire13484972696581772377\surefirebooter15365164916971673565.jar C:\Users\Computador\AppData\Local\Temp\surefire13484972696581772377 2023-06-28T22-57-12_722-jvmRun1 surefire10398254895086924496tmp surefire_04103711095108977385tmp"/>
    <property name="jdk.debug" value="release"/>
    <property name="surefire.test.class.path" value="C:\Users\Computador\Desktop\SDI2\demo\target\test-classes;C:\Users\Computador\Desktop\SDI2\demo\target\classes;C:\Users\Computador\.m2\repository\junit\junit\4.11\junit-4.11.jar;C:\Users\Computador\.m2\repository\org\hamcrest\hamcrest-core\1.3\hamcrest-core-1.3.jar;C:\Users\Computador\.m2\repository\org\slf4j\slf4j-api\1.8.0-beta0\slf4j-api-1.8.0-beta0.jar;C:\Users\Computador\.m2\repository\org\eclipse\paho\org.eclipse.paho.client.mqttv3\1.2.1\org.eclipse.paho.client.mqttv3-1.2.1.jar;"/>
    <property name="sun.cpu.endian" value="little"/>
    <property name="user.home" value="C:\Users\Computador"/>
    <property name="user.language" value="pt"/>
    <property name="java.specification.vendor" value="Oracle Corporation"/>
    <property name="java.version.date" value="2023-01-17"/>
    <property name="java.home" value="C:\Program Files\Java\jdk-11"/>
    <property name="file.separator" value="\"/>
    <property name="basedir" value="C:\Users\Computador\Desktop\SDI2\demo"/>
    <property name="java.vm.compressedOopsMode" value="Zero based"/>
    <property name="line.separator" value="&#10;"/>
    <property name="java.specification.name" value="Java Platform API Specification"/>
    <property name="java.vm.specification.vendor" value="Oracle Corporation"/>
    <property name="java.awt.graphicsenv" value="sun.awt.Win32GraphicsEnvironment"/>
    <property name="surefire.real.class.path" value="C:\Users\COMPUT~1\AppData\Local\Temp\surefire13484972696581772377\surefirebooter15365164916971673565.jar"/>
    <property name="user.script" value=""/>
    <property name="sun.management.compiler" value="HotSpot 64-Bit Tiered Compilers"/>
    <property name="java.runtime.version" value="11.0.18+9-LTS-195"/>
    <property name="user.name" value="Computador"/>
    <property name="path.separator" value=";"/>
    <property name="os.version" value="10.0"/>
    <property name="java.runtime.name" value="Java(TM) SE Runtime Environment"/>
    <property name="file.encoding" value="Cp1252"/>
    <property name="java.vm.name" value="Java HotSpot(TM) 64-Bit Server VM"/>
    <property name="java.vendor.version" value="18.9"/>
    <property name="localRepository" value="C:\Users\Computador\.m2\repository"/>
    <property name="java.vendor.url.bug" value="https://bugreport.java.com/bugreport/"/>
    <property name="java.io.tmpdir" value="C:\Users\COMPUT~1\AppData\Local\Temp\"/>
    <property name="java.version" value="11.0.18"/>
    <property name="user.dir" value="C:\Users\Computador\Desktop\SDI2\demo"/>
    <property name="os.arch" value="amd64"/>
    <property name="java.vm.specification.name" value="Java Virtual Machine Specification"/>
    <property name="java.awt.printerjob" value="sun.awt.windows.WPrinterJob"/>
    <property name="sun.os.patch.level" value=""/>
    <property name="java.library.path" value="C:\Program Files\Java\jdk-11\bin;C:\Windows\Sun\Java\bin;C:\Windows\system32;C:\Windows;C:\Program Files\Java\jdk-11\bin;C:\Program Files\Common Files\Oracle\Java\javapath;C:\Windows\system32;C:\Windows;C:\Windows\System32\Wbem;C:\Windows\System32\WindowsPowerShell\v1.0\;C:\Windows\System32\OpenSSH\;G:\Xampp\php;C:\ProgramData\chocolatey\bin;C:\Program Files\Git\cmd;C:\Users\Computador\Documents\dart-sdk\bin;C:\Users\Computador\Documents\flutter\bin;G:\Coq\Coq\bin;C:\Program Files\dotnet\;C:\Program Files (x86)\NVIDIA Corporation\PhysX\Common;C:\Program Files\NVIDIA Corporation\NVIDIA NvDLISR;C:\Program Files\Java\jdk-11\\bin;C:\Program Files\apache-maven-3.9.3\bin;C:\Users\Computador\AppData\Local\Programs\Python\Python310\Scripts\;C:\Users\Computador\AppData\Local\Programs\Python\Python310\;C:\Users\Computador\AppData\Local\Microsoft\WindowsApps;C:\Users\Computador\AppData\Local\Programs\Microsoft VS Code\bin;C:\Users\Computador\AppData\Local\GitHubDesktop\bin;C:\tools\dart-sdk\bin;C:\Users\Computador\AppData\Roaming\Pub\Cache\bin;."/>
    <property name="java.vendor" value="Oracle Corporation"/>
    <property name="java.vm.info" value="mixed mode"/>
    <property name="java.vm.version" value="11.0.18+9-LTS-195"/>
    <property name="sun.io.unicode.encoding" value="UnicodeLittle"/>
    <property name="java.class.version" value="55.0"/>
  </properties>
  <testcase name="shouldAnswerWithTrue" classname="com.sditf.AppTest" time="0.002"/>
</testsuite>